{"/Users/lembani/microverse/to-do-list/src/actions.js": {"path":"/Users/lembani/microverse/to-do-list/src/actions.js","statementMap":{"0":{"start":{"line":2,"column":14},"end":{"line":34,"column":3}},"1":{"start":{"line":3,"column":22},"end":{"line":3,"column":59}},"2":{"start":{"line":4,"column":4},"end":{"line":4,"column":20}},"3":{"start":{"line":5,"column":4},"end":{"line":5,"column":132}},"4":{"start":{"line":6,"column":4},"end":{"line":6,"column":29}},"5":{"start":{"line":7,"column":4},"end":{"line":32,"column":7}},"6":{"start":{"line":8,"column":25},"end":{"line":8,"column":75}},"7":{"start":{"line":9,"column":6},"end":{"line":29,"column":7}},"8":{"start":{"line":10,"column":8},"end":{"line":18,"column":20}},"9":{"start":{"line":20,"column":8},"end":{"line":28,"column":20}},"10":{"start":{"line":31,"column":6},"end":{"line":31,"column":42}},"11":{"start":{"line":33,"column":4},"end":{"line":33,"column":19}},"12":{"start":{"line":36,"column":12},"end":{"line":57,"column":3}},"13":{"start":{"line":37,"column":4},"end":{"line":37,"column":20}},"14":{"start":{"line":38,"column":4},"end":{"line":38,"column":132}},"15":{"start":{"line":40,"column":17},"end":{"line":44,"column":5}},"16":{"start":{"line":46,"column":4},"end":{"line":48,"column":5}},"17":{"start":{"line":47,"column":6},"end":{"line":47,"column":19}},"18":{"start":{"line":50,"column":4},"end":{"line":50,"column":31}},"19":{"start":{"line":51,"column":4},"end":{"line":51,"column":39}},"20":{"start":{"line":52,"column":4},"end":{"line":52,"column":26}},"21":{"start":{"line":53,"column":4},"end":{"line":53,"column":62}},"22":{"start":{"line":55,"column":4},"end":{"line":55,"column":21}},"23":{"start":{"line":56,"column":4},"end":{"line":56,"column":16}},"24":{"start":{"line":59,"column":15},"end":{"line":70,"column":3}},"25":{"start":{"line":60,"column":4},"end":{"line":60,"column":20}},"26":{"start":{"line":61,"column":4},"end":{"line":61,"column":132}},"27":{"start":{"line":63,"column":4},"end":{"line":63,"column":35}},"28":{"start":{"line":64,"column":4},"end":{"line":66,"column":7}},"29":{"start":{"line":65,"column":6},"end":{"line":65,"column":29}},"30":{"start":{"line":67,"column":4},"end":{"line":67,"column":49}},"31":{"start":{"line":67,"column":30},"end":{"line":67,"column":47}},"32":{"start":{"line":68,"column":4},"end":{"line":68,"column":62}},"33":{"start":{"line":69,"column":4},"end":{"line":69,"column":21}},"34":{"start":{"line":72,"column":13},"end":{"line":76,"column":3}},"35":{"start":{"line":73,"column":4},"end":{"line":73,"column":52}},"36":{"start":{"line":74,"column":4},"end":{"line":74,"column":62}},"37":{"start":{"line":75,"column":4},"end":{"line":75,"column":21}},"38":{"start":{"line":79,"column":4},"end":{"line":87,"column":5}},"39":{"start":{"line":80,"column":6},"end":{"line":86,"column":7}},"40":{"start":{"line":81,"column":8},"end":{"line":81,"column":48}},"41":{"start":{"line":82,"column":8},"end":{"line":82,"column":66}},"42":{"start":{"line":84,"column":8},"end":{"line":84,"column":47}},"43":{"start":{"line":85,"column":8},"end":{"line":85,"column":66}},"44":{"start":{"line":88,"column":4},"end":{"line":88,"column":21}},"45":{"start":{"line":91,"column":18},"end":{"line":99,"column":3}},"46":{"start":{"line":92,"column":4},"end":{"line":92,"column":70}},"47":{"start":{"line":92,"column":45},"end":{"line":92,"column":68}},"48":{"start":{"line":93,"column":4},"end":{"line":95,"column":7}},"49":{"start":{"line":94,"column":6},"end":{"line":94,"column":29}},"50":{"start":{"line":96,"column":4},"end":{"line":96,"column":49}},"51":{"start":{"line":96,"column":30},"end":{"line":96,"column":47}},"52":{"start":{"line":97,"column":4},"end":{"line":97,"column":62}},"53":{"start":{"line":98,"column":4},"end":{"line":98,"column":21}},"54":{"start":{"line":101,"column":12},"end":{"line":122,"column":3}},"55":{"start":{"line":102,"column":21},"end":{"line":102,"column":66}},"56":{"start":{"line":103,"column":4},"end":{"line":112,"column":5}},"57":{"start":{"line":104,"column":6},"end":{"line":111,"column":9}},"58":{"start":{"line":105,"column":8},"end":{"line":110,"column":11}},"59":{"start":{"line":106,"column":24},"end":{"line":106,"column":32}},"60":{"start":{"line":107,"column":30},"end":{"line":107,"column":44}},"61":{"start":{"line":108,"column":10},"end":{"line":108,"column":44}},"62":{"start":{"line":109,"column":10},"end":{"line":109,"column":27}},"63":{"start":{"line":113,"column":23},"end":{"line":113,"column":58}},"64":{"start":{"line":114,"column":4},"end":{"line":121,"column":5}},"65":{"start":{"line":115,"column":6},"end":{"line":120,"column":9}},"66":{"start":{"line":116,"column":8},"end":{"line":119,"column":11}},"67":{"start":{"line":117,"column":24},"end":{"line":117,"column":46}},"68":{"start":{"line":118,"column":10},"end":{"line":118,"column":35}}},"fnMap":{"0":{"name":"(anonymous_0)","decl":{"start":{"line":2,"column":14},"end":{"line":2,"column":15}},"loc":{"start":{"line":2,"column":20},"end":{"line":34,"column":3}},"line":2},"1":{"name":"(anonymous_1)","decl":{"start":{"line":7,"column":23},"end":{"line":7,"column":24}},"loc":{"start":{"line":7,"column":33},"end":{"line":32,"column":5}},"line":7},"2":{"name":"(anonymous_2)","decl":{"start":{"line":36,"column":12},"end":{"line":36,"column":13}},"loc":{"start":{"line":36,"column":25},"end":{"line":57,"column":3}},"line":36},"3":{"name":"(anonymous_3)","decl":{"start":{"line":59,"column":15},"end":{"line":59,"column":16}},"loc":{"start":{"line":59,"column":23},"end":{"line":70,"column":3}},"line":59},"4":{"name":"(anonymous_4)","decl":{"start":{"line":64,"column":23},"end":{"line":64,"column":24}},"loc":{"start":{"line":64,"column":40},"end":{"line":66,"column":5}},"line":64},"5":{"name":"(anonymous_5)","decl":{"start":{"line":67,"column":20},"end":{"line":67,"column":21}},"loc":{"start":{"line":67,"column":30},"end":{"line":67,"column":47}},"line":67},"6":{"name":"(anonymous_6)","decl":{"start":{"line":72,"column":13},"end":{"line":72,"column":14}},"loc":{"start":{"line":72,"column":37},"end":{"line":76,"column":3}},"line":72},"7":{"name":"(anonymous_7)","decl":{"start":{"line":78,"column":2},"end":{"line":78,"column":3}},"loc":{"start":{"line":78,"column":22},"end":{"line":89,"column":3}},"line":78},"8":{"name":"(anonymous_8)","decl":{"start":{"line":91,"column":18},"end":{"line":91,"column":19}},"loc":{"start":{"line":91,"column":24},"end":{"line":99,"column":3}},"line":91},"9":{"name":"(anonymous_9)","decl":{"start":{"line":92,"column":35},"end":{"line":92,"column":36}},"loc":{"start":{"line":92,"column":45},"end":{"line":92,"column":68}},"line":92},"10":{"name":"(anonymous_10)","decl":{"start":{"line":93,"column":23},"end":{"line":93,"column":24}},"loc":{"start":{"line":93,"column":40},"end":{"line":95,"column":5}},"line":93},"11":{"name":"(anonymous_11)","decl":{"start":{"line":96,"column":20},"end":{"line":96,"column":21}},"loc":{"start":{"line":96,"column":30},"end":{"line":96,"column":47}},"line":96},"12":{"name":"(anonymous_12)","decl":{"start":{"line":101,"column":12},"end":{"line":101,"column":13}},"loc":{"start":{"line":101,"column":18},"end":{"line":122,"column":3}},"line":101},"13":{"name":"(anonymous_13)","decl":{"start":{"line":104,"column":23},"end":{"line":104,"column":24}},"loc":{"start":{"line":104,"column":34},"end":{"line":111,"column":7}},"line":104},"14":{"name":"(anonymous_14)","decl":{"start":{"line":105,"column":41},"end":{"line":105,"column":42}},"loc":{"start":{"line":105,"column":48},"end":{"line":110,"column":9}},"line":105},"15":{"name":"(anonymous_15)","decl":{"start":{"line":115,"column":25},"end":{"line":115,"column":26}},"loc":{"start":{"line":115,"column":39},"end":{"line":120,"column":7}},"line":115},"16":{"name":"(anonymous_16)","decl":{"start":{"line":116,"column":43},"end":{"line":116,"column":44}},"loc":{"start":{"line":116,"column":49},"end":{"line":119,"column":9}},"line":116}},"branchMap":{"0":{"loc":{"start":{"line":5,"column":17},"end":{"line":5,"column":131}},"type":"cond-expr","locations":[{"start":{"line":5,"column":71},"end":{"line":5,"column":125}},{"start":{"line":5,"column":129},"end":{"line":5,"column":131}}],"line":5},"1":{"loc":{"start":{"line":9,"column":6},"end":{"line":29,"column":7}},"type":"if","locations":[{"start":{"line":9,"column":6},"end":{"line":29,"column":7}},{"start":{"line":19,"column":13},"end":{"line":29,"column":7}}],"line":9},"2":{"loc":{"start":{"line":38,"column":17},"end":{"line":38,"column":131}},"type":"cond-expr","locations":[{"start":{"line":38,"column":71},"end":{"line":38,"column":125}},{"start":{"line":38,"column":129},"end":{"line":38,"column":131}}],"line":38},"3":{"loc":{"start":{"line":46,"column":4},"end":{"line":48,"column":5}},"type":"if","locations":[{"start":{"line":46,"column":4},"end":{"line":48,"column":5}},{"start":{},"end":{}}],"line":46},"4":{"loc":{"start":{"line":61,"column":17},"end":{"line":61,"column":131}},"type":"cond-expr","locations":[{"start":{"line":61,"column":71},"end":{"line":61,"column":125}},{"start":{"line":61,"column":129},"end":{"line":61,"column":131}}],"line":61},"5":{"loc":{"start":{"line":79,"column":4},"end":{"line":87,"column":5}},"type":"if","locations":[{"start":{"line":79,"column":4},"end":{"line":87,"column":5}},{"start":{},"end":{}}],"line":79},"6":{"loc":{"start":{"line":80,"column":6},"end":{"line":86,"column":7}},"type":"if","locations":[{"start":{"line":80,"column":6},"end":{"line":86,"column":7}},{"start":{"line":83,"column":13},"end":{"line":86,"column":7}}],"line":80},"7":{"loc":{"start":{"line":103,"column":4},"end":{"line":112,"column":5}},"type":"if","locations":[{"start":{"line":103,"column":4},"end":{"line":112,"column":5}},{"start":{},"end":{}}],"line":103},"8":{"loc":{"start":{"line":114,"column":4},"end":{"line":121,"column":5}},"type":"if","locations":[{"start":{"line":114,"column":4},"end":{"line":121,"column":5}},{"start":{},"end":{}}],"line":114}},"s":{"0":1,"1":7,"2":7,"3":7,"4":7,"5":7,"6":9,"7":9,"8":3,"9":6,"10":9,"11":7,"12":1,"13":3,"14":3,"15":3,"16":3,"17":0,"18":3,"19":3,"20":3,"21":3,"22":3,"23":3,"24":1,"25":1,"26":1,"27":1,"28":1,"29":1,"30":1,"31":0,"32":1,"33":1,"34":1,"35":1,"36":1,"37":1,"38":1,"39":1,"40":0,"41":0,"42":1,"43":1,"44":1,"45":1,"46":1,"47":2,"48":1,"49":1,"50":1,"51":0,"52":1,"53":1,"54":1,"55":7,"56":7,"57":7,"58":9,"59":0,"60":0,"61":0,"62":0,"63":7,"64":7,"65":7,"66":9,"67":0,"68":0},"f":{"0":7,"1":9,"2":3,"3":1,"4":1,"5":0,"6":1,"7":1,"8":1,"9":2,"10":1,"11":0,"12":7,"13":9,"14":0,"15":9,"16":0},"b":{"0":[7,0],"1":[3,6],"2":[2,1],"3":[0,3],"4":[1,0],"5":[1,0],"6":[0,1],"7":[7,0],"8":[7,0]},"_coverageSchema":"1a1c01bbd47fc00a2c39e90264f33305004495a9","hash":"db4e40c59e085a544a8b4a09757193371a70f6b9"}
}
