{"/Users/lembani/microverse/to-do-list/src/actions.js": {"path":"/Users/lembani/microverse/to-do-list/src/actions.js","statementMap":{"0":{"start":{"line":2,"column":14},"end":{"line":34,"column":3}},"1":{"start":{"line":3,"column":22},"end":{"line":3,"column":59}},"2":{"start":{"line":4,"column":4},"end":{"line":4,"column":20}},"3":{"start":{"line":5,"column":4},"end":{"line":5,"column":132}},"4":{"start":{"line":6,"column":4},"end":{"line":6,"column":29}},"5":{"start":{"line":7,"column":4},"end":{"line":32,"column":7}},"6":{"start":{"line":8,"column":25},"end":{"line":8,"column":75}},"7":{"start":{"line":9,"column":6},"end":{"line":29,"column":7}},"8":{"start":{"line":10,"column":8},"end":{"line":18,"column":20}},"9":{"start":{"line":20,"column":8},"end":{"line":28,"column":20}},"10":{"start":{"line":31,"column":6},"end":{"line":31,"column":42}},"11":{"start":{"line":33,"column":4},"end":{"line":33,"column":19}},"12":{"start":{"line":36,"column":12},"end":{"line":57,"column":3}},"13":{"start":{"line":37,"column":4},"end":{"line":37,"column":20}},"14":{"start":{"line":38,"column":4},"end":{"line":38,"column":132}},"15":{"start":{"line":40,"column":17},"end":{"line":44,"column":5}},"16":{"start":{"line":46,"column":4},"end":{"line":48,"column":5}},"17":{"start":{"line":47,"column":6},"end":{"line":47,"column":19}},"18":{"start":{"line":50,"column":4},"end":{"line":50,"column":31}},"19":{"start":{"line":51,"column":4},"end":{"line":51,"column":39}},"20":{"start":{"line":52,"column":4},"end":{"line":52,"column":26}},"21":{"start":{"line":53,"column":4},"end":{"line":53,"column":62}},"22":{"start":{"line":55,"column":4},"end":{"line":55,"column":21}},"23":{"start":{"line":56,"column":4},"end":{"line":56,"column":16}},"24":{"start":{"line":59,"column":15},"end":{"line":70,"column":3}},"25":{"start":{"line":60,"column":4},"end":{"line":60,"column":20}},"26":{"start":{"line":61,"column":4},"end":{"line":61,"column":132}},"27":{"start":{"line":63,"column":4},"end":{"line":63,"column":35}},"28":{"start":{"line":64,"column":4},"end":{"line":66,"column":7}},"29":{"start":{"line":65,"column":6},"end":{"line":65,"column":29}},"30":{"start":{"line":67,"column":4},"end":{"line":67,"column":49}},"31":{"start":{"line":67,"column":30},"end":{"line":67,"column":47}},"32":{"start":{"line":68,"column":4},"end":{"line":68,"column":62}},"33":{"start":{"line":69,"column":4},"end":{"line":69,"column":21}},"34":{"start":{"line":72,"column":13},"end":{"line":75,"column":3}},"35":{"start":{"line":73,"column":4},"end":{"line":73,"column":52}},"36":{"start":{"line":74,"column":4},"end":{"line":74,"column":62}},"37":{"start":{"line":78,"column":4},"end":{"line":86,"column":5}},"38":{"start":{"line":79,"column":6},"end":{"line":85,"column":7}},"39":{"start":{"line":80,"column":8},"end":{"line":80,"column":48}},"40":{"start":{"line":81,"column":8},"end":{"line":81,"column":66}},"41":{"start":{"line":83,"column":8},"end":{"line":83,"column":47}},"42":{"start":{"line":84,"column":8},"end":{"line":84,"column":66}},"43":{"start":{"line":87,"column":4},"end":{"line":87,"column":21}},"44":{"start":{"line":90,"column":18},"end":{"line":98,"column":3}},"45":{"start":{"line":91,"column":4},"end":{"line":91,"column":70}},"46":{"start":{"line":91,"column":45},"end":{"line":91,"column":68}},"47":{"start":{"line":92,"column":4},"end":{"line":94,"column":7}},"48":{"start":{"line":93,"column":6},"end":{"line":93,"column":29}},"49":{"start":{"line":95,"column":4},"end":{"line":95,"column":49}},"50":{"start":{"line":95,"column":30},"end":{"line":95,"column":47}},"51":{"start":{"line":96,"column":4},"end":{"line":96,"column":62}},"52":{"start":{"line":97,"column":4},"end":{"line":97,"column":21}},"53":{"start":{"line":100,"column":12},"end":{"line":121,"column":3}},"54":{"start":{"line":101,"column":21},"end":{"line":101,"column":66}},"55":{"start":{"line":102,"column":4},"end":{"line":111,"column":5}},"56":{"start":{"line":103,"column":6},"end":{"line":110,"column":9}},"57":{"start":{"line":104,"column":8},"end":{"line":109,"column":11}},"58":{"start":{"line":105,"column":24},"end":{"line":105,"column":32}},"59":{"start":{"line":106,"column":30},"end":{"line":106,"column":44}},"60":{"start":{"line":107,"column":10},"end":{"line":107,"column":44}},"61":{"start":{"line":108,"column":10},"end":{"line":108,"column":27}},"62":{"start":{"line":112,"column":23},"end":{"line":112,"column":58}},"63":{"start":{"line":113,"column":4},"end":{"line":120,"column":5}},"64":{"start":{"line":114,"column":6},"end":{"line":119,"column":9}},"65":{"start":{"line":115,"column":8},"end":{"line":118,"column":11}},"66":{"start":{"line":116,"column":26},"end":{"line":116,"column":48}},"67":{"start":{"line":117,"column":10},"end":{"line":117,"column":37}}},"fnMap":{"0":{"name":"(anonymous_0)","decl":{"start":{"line":2,"column":14},"end":{"line":2,"column":15}},"loc":{"start":{"line":2,"column":20},"end":{"line":34,"column":3}},"line":2},"1":{"name":"(anonymous_1)","decl":{"start":{"line":7,"column":23},"end":{"line":7,"column":24}},"loc":{"start":{"line":7,"column":33},"end":{"line":32,"column":5}},"line":7},"2":{"name":"(anonymous_2)","decl":{"start":{"line":36,"column":12},"end":{"line":36,"column":13}},"loc":{"start":{"line":36,"column":25},"end":{"line":57,"column":3}},"line":36},"3":{"name":"(anonymous_3)","decl":{"start":{"line":59,"column":15},"end":{"line":59,"column":16}},"loc":{"start":{"line":59,"column":23},"end":{"line":70,"column":3}},"line":59},"4":{"name":"(anonymous_4)","decl":{"start":{"line":64,"column":23},"end":{"line":64,"column":24}},"loc":{"start":{"line":64,"column":40},"end":{"line":66,"column":5}},"line":64},"5":{"name":"(anonymous_5)","decl":{"start":{"line":67,"column":20},"end":{"line":67,"column":21}},"loc":{"start":{"line":67,"column":30},"end":{"line":67,"column":47}},"line":67},"6":{"name":"(anonymous_6)","decl":{"start":{"line":72,"column":13},"end":{"line":72,"column":14}},"loc":{"start":{"line":72,"column":37},"end":{"line":75,"column":3}},"line":72},"7":{"name":"(anonymous_7)","decl":{"start":{"line":77,"column":2},"end":{"line":77,"column":3}},"loc":{"start":{"line":77,"column":22},"end":{"line":88,"column":3}},"line":77},"8":{"name":"(anonymous_8)","decl":{"start":{"line":90,"column":18},"end":{"line":90,"column":19}},"loc":{"start":{"line":90,"column":24},"end":{"line":98,"column":3}},"line":90},"9":{"name":"(anonymous_9)","decl":{"start":{"line":91,"column":35},"end":{"line":91,"column":36}},"loc":{"start":{"line":91,"column":45},"end":{"line":91,"column":68}},"line":91},"10":{"name":"(anonymous_10)","decl":{"start":{"line":92,"column":23},"end":{"line":92,"column":24}},"loc":{"start":{"line":92,"column":40},"end":{"line":94,"column":5}},"line":92},"11":{"name":"(anonymous_11)","decl":{"start":{"line":95,"column":20},"end":{"line":95,"column":21}},"loc":{"start":{"line":95,"column":30},"end":{"line":95,"column":47}},"line":95},"12":{"name":"(anonymous_12)","decl":{"start":{"line":100,"column":12},"end":{"line":100,"column":13}},"loc":{"start":{"line":100,"column":18},"end":{"line":121,"column":3}},"line":100},"13":{"name":"(anonymous_13)","decl":{"start":{"line":103,"column":23},"end":{"line":103,"column":24}},"loc":{"start":{"line":103,"column":34},"end":{"line":110,"column":7}},"line":103},"14":{"name":"(anonymous_14)","decl":{"start":{"line":104,"column":41},"end":{"line":104,"column":42}},"loc":{"start":{"line":104,"column":48},"end":{"line":109,"column":9}},"line":104},"15":{"name":"(anonymous_15)","decl":{"start":{"line":114,"column":25},"end":{"line":114,"column":26}},"loc":{"start":{"line":114,"column":39},"end":{"line":119,"column":7}},"line":114},"16":{"name":"(anonymous_16)","decl":{"start":{"line":115,"column":43},"end":{"line":115,"column":44}},"loc":{"start":{"line":115,"column":49},"end":{"line":118,"column":9}},"line":115}},"branchMap":{"0":{"loc":{"start":{"line":5,"column":17},"end":{"line":5,"column":131}},"type":"cond-expr","locations":[{"start":{"line":5,"column":71},"end":{"line":5,"column":125}},{"start":{"line":5,"column":129},"end":{"line":5,"column":131}}],"line":5},"1":{"loc":{"start":{"line":9,"column":6},"end":{"line":29,"column":7}},"type":"if","locations":[{"start":{"line":9,"column":6},"end":{"line":29,"column":7}},{"start":{"line":19,"column":13},"end":{"line":29,"column":7}}],"line":9},"2":{"loc":{"start":{"line":38,"column":17},"end":{"line":38,"column":131}},"type":"cond-expr","locations":[{"start":{"line":38,"column":71},"end":{"line":38,"column":125}},{"start":{"line":38,"column":129},"end":{"line":38,"column":131}}],"line":38},"3":{"loc":{"start":{"line":46,"column":4},"end":{"line":48,"column":5}},"type":"if","locations":[{"start":{"line":46,"column":4},"end":{"line":48,"column":5}},{"start":{},"end":{}}],"line":46},"4":{"loc":{"start":{"line":61,"column":17},"end":{"line":61,"column":131}},"type":"cond-expr","locations":[{"start":{"line":61,"column":71},"end":{"line":61,"column":125}},{"start":{"line":61,"column":129},"end":{"line":61,"column":131}}],"line":61},"5":{"loc":{"start":{"line":78,"column":4},"end":{"line":86,"column":5}},"type":"if","locations":[{"start":{"line":78,"column":4},"end":{"line":86,"column":5}},{"start":{},"end":{}}],"line":78},"6":{"loc":{"start":{"line":79,"column":6},"end":{"line":85,"column":7}},"type":"if","locations":[{"start":{"line":79,"column":6},"end":{"line":85,"column":7}},{"start":{"line":82,"column":13},"end":{"line":85,"column":7}}],"line":79},"7":{"loc":{"start":{"line":102,"column":4},"end":{"line":111,"column":5}},"type":"if","locations":[{"start":{"line":102,"column":4},"end":{"line":111,"column":5}},{"start":{},"end":{}}],"line":102},"8":{"loc":{"start":{"line":113,"column":4},"end":{"line":120,"column":5}},"type":"if","locations":[{"start":{"line":113,"column":4},"end":{"line":120,"column":5}},{"start":{},"end":{}}],"line":113}},"s":{"0":1,"1":3,"2":3,"3":3,"4":3,"5":3,"6":4,"7":4,"8":0,"9":4,"10":4,"11":3,"12":1,"13":2,"14":2,"15":2,"16":2,"17":0,"18":2,"19":2,"20":2,"21":2,"22":2,"23":2,"24":1,"25":1,"26":1,"27":1,"28":1,"29":1,"30":1,"31":0,"32":1,"33":1,"34":1,"35":0,"36":0,"37":0,"38":0,"39":0,"40":0,"41":0,"42":0,"43":0,"44":1,"45":0,"46":0,"47":0,"48":0,"49":0,"50":0,"51":0,"52":0,"53":1,"54":3,"55":3,"56":3,"57":4,"58":0,"59":0,"60":0,"61":0,"62":3,"63":3,"64":3,"65":4,"66":0,"67":0},"f":{"0":3,"1":4,"2":2,"3":1,"4":1,"5":0,"6":0,"7":0,"8":0,"9":0,"10":0,"11":0,"12":3,"13":4,"14":0,"15":4,"16":0},"b":{"0":[3,0],"1":[0,4],"2":[1,1],"3":[0,2],"4":[1,0],"5":[0,0],"6":[0,0],"7":[3,0],"8":[3,0]},"_coverageSchema":"1a1c01bbd47fc00a2c39e90264f33305004495a9","hash":"ccae6adc6ecf73fbefb000feb2bc8a98423c4da7"}
}
