TN:
SF:src\actions.js
FN:2,(anonymous_0)
FN:7,(anonymous_1)
FN:36,(anonymous_2)
FN:59,(anonymous_3)
FN:64,(anonymous_4)
FN:67,(anonymous_5)
FN:72,(anonymous_6)
FN:77,(anonymous_7)
FN:90,(anonymous_8)
FN:91,(anonymous_9)
FN:92,(anonymous_10)
FN:95,(anonymous_11)
FN:100,(anonymous_12)
FN:103,(anonymous_13)
FN:104,(anonymous_14)
FN:114,(anonymous_15)
FN:115,(anonymous_16)
FNF:17
FNH:8
FNDA:3,(anonymous_0)
FNDA:4,(anonymous_1)
FNDA:2,(anonymous_2)
FNDA:1,(anonymous_3)
FNDA:1,(anonymous_4)
FNDA:0,(anonymous_5)
FNDA:0,(anonymous_6)
FNDA:0,(anonymous_7)
FNDA:0,(anonymous_8)
FNDA:0,(anonymous_9)
FNDA:0,(anonymous_10)
FNDA:0,(anonymous_11)
FNDA:3,(anonymous_12)
FNDA:4,(anonymous_13)
FNDA:0,(anonymous_14)
FNDA:4,(anonymous_15)
FNDA:0,(anonymous_16)
DA:2,1
DA:3,3
DA:4,3
DA:5,3
DA:6,3
DA:7,3
DA:8,4
DA:9,4
DA:10,0
DA:20,4
DA:31,4
DA:33,3
DA:36,1
DA:37,2
DA:38,2
DA:40,2
DA:46,2
DA:47,0
DA:50,2
DA:51,2
DA:52,2
DA:53,2
DA:55,2
DA:56,2
DA:59,1
DA:60,1
DA:61,1
DA:63,1
DA:64,1
DA:65,1
DA:67,1
DA:68,1
DA:69,1
DA:72,1
DA:73,0
DA:74,0
DA:78,0
DA:79,0
DA:80,0
DA:81,0
DA:83,0
DA:84,0
DA:87,0
DA:90,1
DA:91,0
DA:92,0
DA:93,0
DA:95,0
DA:96,0
DA:97,0
DA:100,1
DA:101,3
DA:102,3
DA:103,3
DA:104,4
DA:105,0
DA:106,0
DA:107,0
DA:108,0
DA:112,3
DA:113,3
DA:114,3
DA:115,4
DA:116,0
DA:117,0
LF:65
LH:42
BRDA:5,0,0,3
BRDA:5,0,1,0
BRDA:9,1,0,0
BRDA:9,1,1,4
BRDA:38,2,0,1
BRDA:38,2,1,1
BRDA:46,3,0,0
BRDA:46,3,1,2
BRDA:61,4,0,1
BRDA:61,4,1,0
BRDA:78,5,0,0
BRDA:78,5,1,0
BRDA:79,6,0,0
BRDA:79,6,1,0
BRDA:102,7,0,3
BRDA:102,7,1,0
BRDA:113,8,0,3
BRDA:113,8,1,0
BRF:18
BRH:8
end_of_record
