TN:
SF:src/actions.js
FN:2,(anonymous_0)
FN:7,(anonymous_1)
FN:36,(anonymous_2)
FN:59,(anonymous_3)
FN:64,(anonymous_4)
FN:67,(anonymous_5)
FN:72,(anonymous_6)
FN:78,(anonymous_7)
FN:91,(anonymous_8)
FN:92,(anonymous_9)
FN:93,(anonymous_10)
FN:96,(anonymous_11)
FN:101,(anonymous_12)
FN:104,(anonymous_13)
FN:105,(anonymous_14)
FN:115,(anonymous_15)
FN:116,(anonymous_16)
FNF:17
FNH:13
FNDA:7,(anonymous_0)
FNDA:9,(anonymous_1)
FNDA:3,(anonymous_2)
FNDA:1,(anonymous_3)
FNDA:1,(anonymous_4)
FNDA:0,(anonymous_5)
FNDA:1,(anonymous_6)
FNDA:1,(anonymous_7)
FNDA:1,(anonymous_8)
FNDA:2,(anonymous_9)
FNDA:1,(anonymous_10)
FNDA:0,(anonymous_11)
FNDA:7,(anonymous_12)
FNDA:9,(anonymous_13)
FNDA:0,(anonymous_14)
FNDA:9,(anonymous_15)
FNDA:0,(anonymous_16)
DA:2,1
DA:3,7
DA:4,7
DA:5,7
DA:6,7
DA:7,7
DA:8,9
DA:9,9
DA:10,3
DA:20,6
DA:31,9
DA:33,7
DA:36,1
DA:37,3
DA:38,3
DA:40,3
DA:46,3
DA:47,0
DA:50,3
DA:51,3
DA:52,3
DA:53,3
DA:55,3
DA:56,3
DA:59,1
DA:60,1
DA:61,1
DA:63,1
DA:64,1
DA:65,1
DA:67,1
DA:68,1
DA:69,1
DA:72,1
DA:73,1
DA:74,1
DA:75,1
DA:79,1
DA:80,1
DA:81,0
DA:82,0
DA:84,1
DA:85,1
DA:88,1
DA:91,1
DA:92,2
DA:93,1
DA:94,1
DA:96,1
DA:97,1
DA:98,1
DA:101,1
DA:102,7
DA:103,7
DA:104,7
DA:105,9
DA:106,0
DA:107,0
DA:108,0
DA:109,0
DA:113,7
DA:114,7
DA:115,7
DA:116,9
DA:117,0
DA:118,0
LF:66
LH:57
BRDA:5,0,0,7
BRDA:5,0,1,0
BRDA:9,1,0,3
BRDA:9,1,1,6
BRDA:38,2,0,2
BRDA:38,2,1,1
BRDA:46,3,0,0
BRDA:46,3,1,3
BRDA:61,4,0,1
BRDA:61,4,1,0
BRDA:79,5,0,1
BRDA:79,5,1,0
BRDA:80,6,0,0
BRDA:80,6,1,1
BRDA:103,7,0,7
BRDA:103,7,1,0
BRDA:114,8,0,7
BRDA:114,8,1,0
BRF:18
BRH:11
end_of_record
